{"name": "User can add product to cart", "status": "broken", "statusDetails": {"message": "selenium.common.exceptions.NoSuchElementException: Message: Unable to locate element: [id=\"twotabsearchtextbox\"]; For documentation on this error, please visit: https://www.selenium.dev/documentation/webdriver/troubleshooting/errors#no-such-element-exception\nStacktrace:\nRemoteError@chrome://remote/content/shared/RemoteError.sys.mjs:8:8\nWebDriverError@chrome://remote/content/shared/webdriver/Errors.sys.mjs:188:5\nNoSuchElementError@chrome://remote/content/shared/webdriver/Errors.sys.mjs:506:5\ndom.find/</<@chrome://remote/content/shared/DOM.sys.mjs:132:16\n\n", "trace": "  File \"C:\\Program Files\\Python310\\lib\\site-packages\\behave\\model.py\", line 1329, in run\n    match.run(runner.context)\n  File \"C:\\Program Files\\Python310\\lib\\site-packages\\behave\\matchers.py\", line 98, in run\n    self.func(context, *args, **kwargs)\n  File \"features\\steps\\HW7_Add_a_product_to_cart.py\", line 14, in input_amazon_search\n    context.app.main_page.input_amazon_search(input_value)\n  File \"D:\\Programming with Saimon\\Careerist\\Personal_Diary\\Pages\\main_page.py\", line 19, in input_amazon_search\n    self.input_text(input_value, *self.SEARCH_FIELD)\n  File \"D:\\Programming with Saimon\\Careerist\\Personal_Diary\\Pages\\base_page.py\", line 29, in input_text\n    e = self.driver.find_element(*locator)\n  File \"C:\\Program Files\\Python310\\lib\\site-packages\\selenium\\webdriver\\remote\\webdriver.py\", line 740, in find_element\n    return self.execute(Command.FIND_ELEMENT, {\"using\": by, \"value\": value})[\"value\"]\n  File \"C:\\Program Files\\Python310\\lib\\site-packages\\selenium\\webdriver\\remote\\webdriver.py\", line 346, in execute\n    self.error_handler.check_response(response)\n  File \"C:\\Program Files\\Python310\\lib\\site-packages\\selenium\\webdriver\\remote\\errorhandler.py\", line 245, in check_response\n    raise exception_class(message, screen, stacktrace)\n"}, "steps": [{"name": "Given Open amazon page", "status": "passed", "start": 1695395145575, "stop": 1695395149706}, {"name": "When Input Key chain into Amazon search field", "status": "broken", "statusDetails": {"message": "selenium.common.exceptions.NoSuchElementException: Message: Unable to locate element: [id=\"twotabsearchtextbox\"]; For documentation on this error, please visit: https://www.selenium.dev/documentation/webdriver/troubleshooting/errors#no-such-element-exception\nStacktrace:\nRemoteError@chrome://remote/content/shared/RemoteError.sys.mjs:8:8\nWebDriverError@chrome://remote/content/shared/webdriver/Errors.sys.mjs:188:5\nNoSuchElementError@chrome://remote/content/shared/webdriver/Errors.sys.mjs:506:5\ndom.find/</<@chrome://remote/content/shared/DOM.sys.mjs:132:16\n\n", "trace": "  File \"C:\\Program Files\\Python310\\lib\\site-packages\\behave\\model.py\", line 1329, in run\n    match.run(runner.context)\n  File \"C:\\Program Files\\Python310\\lib\\site-packages\\behave\\matchers.py\", line 98, in run\n    self.func(context, *args, **kwargs)\n  File \"features\\steps\\HW7_Add_a_product_to_cart.py\", line 14, in input_amazon_search\n    context.app.main_page.input_amazon_search(input_value)\n  File \"D:\\Programming with Saimon\\Careerist\\Personal_Diary\\Pages\\main_page.py\", line 19, in input_amazon_search\n    self.input_text(input_value, *self.SEARCH_FIELD)\n  File \"D:\\Programming with Saimon\\Careerist\\Personal_Diary\\Pages\\base_page.py\", line 29, in input_text\n    e = self.driver.find_element(*locator)\n  File \"C:\\Program Files\\Python310\\lib\\site-packages\\selenium\\webdriver\\remote\\webdriver.py\", line 740, in find_element\n    return self.execute(Command.FIND_ELEMENT, {\"using\": by, \"value\": value})[\"value\"]\n  File \"C:\\Program Files\\Python310\\lib\\site-packages\\selenium\\webdriver\\remote\\webdriver.py\", line 346, in execute\n    self.error_handler.check_response(response)\n  File \"C:\\Program Files\\Python310\\lib\\site-packages\\selenium\\webdriver\\remote\\errorhandler.py\", line 245, in check_response\n    raise exception_class(message, screen, stacktrace)\n"}, "start": 1695395149706, "stop": 1695395154086}, {"name": "And click on Amazon search icon", "status": "skipped", "start": 1695395158332, "stop": 1695395158332}, {"name": "And Click on the first product", "status": "skipped", "start": 1695395158332, "stop": 1695395158332}, {"name": "And Click on Add to cart button", "status": "skipped", "start": 1695395158332, "stop": 1695395158332}, {"name": "Then Verify cart has 1 Item", "status": "skipped", "start": 1695395158332, "stop": 1695395158332}], "start": 1695395132030, "stop": 1695395158332, "uuid": "50b52994-2d7f-417c-af95-b220bf02877a", "historyId": "02537b7bbed4e79b0c16a7b5ef6c7336", "fullName": "Amazon Add Product to cart test: User can add product to cart", "labels": [{"name": "severity", "value": "normal"}, {"name": "feature", "value": "Amazon Add Product to cart test"}, {"name": "framework", "value": "behave"}, {"name": "language", "value": "cpython3"}]}